<?xml version="1.0" encoding="UTF-8"?>
<!-- Generated by org.testng.reporters.JUnitXMLReporter -->
<testsuite ignored="1" hostname="LAPTOP-INQHA09L" failures="0" tests="1" name="ChromeBrowserTest" time="11.982" errors="0" timestamp="2022-01-10T18:50:02 IST">
  <testcase classname="com.tutorialsninja.testCases.TC_PC_001_ProductComparisonPage" name="VerifyProductComparisonListFunctionality" time="8.925"/>
  <testcase classname="com.tutorialsninja.testCases.TC_PC_001_ProductComparisonPage" name="VerifyProductComparisonFunctionality" time="0.0">
    <ignored/>
  </testcase> <!-- VerifyProductComparisonFunctionality -->
</testsuite> <!-- ChromeBrowserTest -->
