<?xml version="1.0" encoding="UTF-8"?>
<testng-results ignored="1" total="2" passed="1" failed="0" skipped="0">
  <reporter-output>
  </reporter-output>
  <suite started-at="2022-01-10T18:49:50 IST" name="Suite" finished-at="2022-01-10T18:50:02 IST" duration-ms="11982">
    <groups>
    </groups>
    <test started-at="2022-01-10T18:49:50 IST" name="ChromeBrowserTest" finished-at="2022-01-10T18:50:02 IST" duration-ms="11982">
      <class name="com.tutorialsninja.testCases.TC_PC_001_ProductComparisonPage">
        <test-method is-config="true" signature="setup(java.lang.String)[pri:0, instance:com.tutorialsninja.testCases.TC_PC_001_ProductComparisonPage@35cabb2a]" started-at="2022-01-10T18:49:50 IST" name="setup" finished-at="2022-01-10T18:49:53 IST" duration-ms="2369" status="PASS">
          <params>
            <param index="0">
              <value>
                <![CDATA[chrome]]>
              </value>
            </param>
          </params>
          <reporter-output>
          </reporter-output>
        </test-method> <!-- setup -->
        <test-method signature="VerifyProductComparisonListFunctionality()[pri:0, instance:com.tutorialsninja.testCases.TC_PC_001_ProductComparisonPage@35cabb2a]" started-at="2022-01-10T18:49:53 IST" name="VerifyProductComparisonListFunctionality" finished-at="2022-01-10T18:50:02 IST" duration-ms="8925" status="PASS">
          <reporter-output>
          </reporter-output>
        </test-method> <!-- VerifyProductComparisonListFunctionality -->
        <test-method is-config="true" signature="tearDown()[pri:0, instance:com.tutorialsninja.testCases.TC_PC_001_ProductComparisonPage@35cabb2a]" started-at="2022-01-10T18:50:02 IST" name="tearDown" finished-at="2022-01-10T18:50:02 IST" duration-ms="657" status="PASS">
          <reporter-output>
          </reporter-output>
        </test-method> <!-- tearDown -->
      </class> <!-- com.tutorialsninja.testCases.TC_PC_001_ProductComparisonPage -->
    </test> <!-- ChromeBrowserTest -->
  </suite> <!-- Suite -->
</testng-results>
